\BOOKMARK [1][-]{section.1}{Introduction}{}% 1
\BOOKMARK [1][-]{section.2}{Materials and Methods}{}% 2
\BOOKMARK [2][-]{subsection.2.1}{The admixture model}{section.2}% 3
\BOOKMARK [2][-]{subsection.2.2}{The recent-admixture model}{section.2}% 4
\BOOKMARK [2][-]{subsection.2.3}{Obtaining admixed individuals in silico}{section.2}% 5
\BOOKMARK [2][-]{subsection.2.4}{Comparing results from admixture and recent-admixture}{section.2}% 6
\BOOKMARK [2][-]{subsection.2.5}{A likelihood-ratio test for recent admixture}{section.2}% 7
\BOOKMARK [2][-]{subsection.2.6}{Human data}{section.2}% 8
\BOOKMARK [1][-]{section.3}{Results}{}% 9
\BOOKMARK [2][-]{subsection.3.1}{Some showcases from simulations}{section.3}% 10
\BOOKMARK [2][-]{subsection.3.2}{Estimation accuracy}{section.3}% 11
\BOOKMARK [2][-]{subsection.3.3}{Power of the Likelihood-ratio test for recent admixture}{section.3}% 12
\BOOKMARK [2][-]{subsection.3.4}{Recent admixture in the 1000 genomes dataset}{section.3}% 13
\BOOKMARK [1][-]{section.4}{Discussion}{}% 14
\BOOKMARK [1][-]{section.1}{Theory}{}% 15
\BOOKMARK [2][-]{subsection.1.1}{The admixture model}{section.1}% 16
\BOOKMARK [2][-]{subsection.1.2}{The recent-admixture model}{section.1}% 17
\BOOKMARK [1][-]{section.2}{Description of downloadable software}{}% 18
\BOOKMARK [1][-]{section.3}{Additional results}{}% 19
\BOOKMARK [2][-]{subsection.3.1}{Some showcases from simulations}{section.3}% 20
\BOOKMARK [2][-]{subsection.3.2}{Estimation accuracy}{section.3}% 21
